Removed Pin From Net: NetName=Arduino_pin_5 Pin=U1-1
Change Component Designator: OldDesignator=12V NewDesignator=12V POWER
Added Component: Designator=D5(LED-3mm)
Add component (AddParameter): Name = "Designer"; Value = "Seyed Mohsen Ghasemian"; VariantName = "[No Variations]"
Add component (AddParameter): Name = "PackageDescription"; Value = "LED; 2 Leads"; VariantName = "[No Variations]"
Add component (AddParameter): Name = "PackageReference"; Value = "LED"; VariantName = "[No Variations]"
Add component (AddParameter): Name = "Published"; Value = "02/04/2012"; VariantName = "[No Variations]"
Add component (AddParameter): Name = "Publisher"; Value = "www.picpars.com"; VariantName = "[No Variations]"
Added Component: Designator=D6(LED-3mm)
Add component (AddParameter): Name = "Designer"; Value = "Seyed Mohsen Ghasemian"; VariantName = "[No Variations]"
Add component (AddParameter): Name = "PackageDescription"; Value = "LED; 2 Leads"; VariantName = "[No Variations]"
Add component (AddParameter): Name = "PackageReference"; Value = "LED"; VariantName = "[No Variations]"
Add component (AddParameter): Name = "Published"; Value = "02/04/2012"; VariantName = "[No Variations]"
Add component (AddParameter): Name = "Publisher"; Value = "www.picpars.com"; VariantName = "[No Variations]"
Added Component: Designator=D7(LED-3mm)
Add component (AddParameter): Name = "Designer"; Value = "Seyed Mohsen Ghasemian"; VariantName = "[No Variations]"
Add component (AddParameter): Name = "PackageDescription"; Value = "LED; 2 Leads"; VariantName = "[No Variations]"
Add component (AddParameter): Name = "PackageReference"; Value = "LED"; VariantName = "[No Variations]"
Add component (AddParameter): Name = "Published"; Value = "02/04/2012"; VariantName = "[No Variations]"
Add component (AddParameter): Name = "Publisher"; Value = "www.picpars.com"; VariantName = "[No Variations]"
Added Component: Designator=D9(LED-3mm)
Add component (AddParameter): Name = "Designer"; Value = "Seyed Mohsen Ghasemian"; VariantName = "[No Variations]"
Add component (AddParameter): Name = "PackageDescription"; Value = "LED; 2 Leads"; VariantName = "[No Variations]"
Add component (AddParameter): Name = "PackageReference"; Value = "LED"; VariantName = "[No Variations]"
Add component (AddParameter): Name = "Published"; Value = "02/04/2012"; VariantName = "[No Variations]"
Add component (AddParameter): Name = "Publisher"; Value = "www.picpars.com"; VariantName = "[No Variations]"
Added Component: Designator=M1(Board Screw)
Added Component: Designator=M2(Board Screw)
Added Component: Designator=M3(Board Screw)
Added Component: Designator=M4(Board Screw)
Added Component: Designator=R6(Res-(1/4))
Add component (AddParameter): Name = "Power"; Value = "1/4 W"; VariantName = "[No Variations]"
Add component (AddParameter): Name = "Tolerance"; Value = "5%"; VariantName = "[No Variations]"
Add component (AddParameter): Name = "Value"; Value = "100"; VariantName = "[No Variations]"
Added Component: Designator=R7(Res-(1/4))
Add component (AddParameter): Name = "Power"; Value = "1/4 W"; VariantName = "[No Variations]"
Add component (AddParameter): Name = "Tolerance"; Value = "5%"; VariantName = "[No Variations]"
Add component (AddParameter): Name = "Value"; Value = "100"; VariantName = "[No Variations]"
Added Component: Designator=R8(Res-(1/4))
Add component (AddParameter): Name = "Power"; Value = "1/4 W"; VariantName = "[No Variations]"
Add component (AddParameter): Name = "Tolerance"; Value = "5%"; VariantName = "[No Variations]"
Add component (AddParameter): Name = "Value"; Value = "100"; VariantName = "[No Variations]"
Added Component: Designator=R9(Res-(1/4))
Add component (AddParameter): Name = "Power"; Value = "1/4 W"; VariantName = "[No Variations]"
Add component (AddParameter): Name = "Tolerance"; Value = "5%"; VariantName = "[No Variations]"
Add component (AddParameter): Name = "Value"; Value = "100"; VariantName = "[No Variations]"
Added Component: Designator=S1(PB-2pin)
Add component (AddParameter): Name = "Designer"; Value = "Seyed Mohsen Ghasemian"; VariantName = "[No Variations]"
Add component (AddParameter): Name = "E-mail"; Value = "picpars@gmail.com"; VariantName = "[No Variations]"
Add component (AddParameter): Name = "Publisher"; Value = "www.picpars.com"; VariantName = "[No Variations]"
Add component (AddParameter): Name = "WEB"; Value = "www.picpars.com"; VariantName = "[No Variations]"
Added Pin To Net: NetName=NetD5_1 Pin=D5-1
Added Pin To Net: NetName=GND Pin=D5-2
Added Pin To Net: NetName=NetD6_1 Pin=D6-1
Added Pin To Net: NetName=GND Pin=D6-2
Added Pin To Net: NetName=NetD7_1 Pin=D7-1
Added Pin To Net: NetName=GND Pin=D7-2
Added Pin To Net: NetName=NetD9_1 Pin=D9-1
Added Pin To Net: NetName=GND Pin=D9-2
Added Pin To Net: NetName=GND Pin=M1-S
Added Pin To Net: NetName=GND Pin=M1-S
Added Pin To Net: NetName=GND Pin=M1-S
Added Pin To Net: NetName=GND Pin=M1-S
Added Pin To Net: NetName=GND Pin=M1-S
Added Pin To Net: NetName=GND Pin=M1-S
Added Pin To Net: NetName=GND Pin=M1-S
Added Pin To Net: NetName=GND Pin=M1-S
Added Pin To Net: NetName=GND Pin=M1-S
Added Pin To Net: NetName=GND Pin=M2-S
Added Pin To Net: NetName=GND Pin=M2-S
Added Pin To Net: NetName=GND Pin=M2-S
Added Pin To Net: NetName=GND Pin=M2-S
Added Pin To Net: NetName=GND Pin=M2-S
Added Pin To Net: NetName=GND Pin=M2-S
Added Pin To Net: NetName=GND Pin=M2-S
Added Pin To Net: NetName=GND Pin=M2-S
Added Pin To Net: NetName=GND Pin=M2-S
Added Pin To Net: NetName=GND Pin=M3-S
Added Pin To Net: NetName=GND Pin=M3-S
Added Pin To Net: NetName=GND Pin=M3-S
Added Pin To Net: NetName=GND Pin=M3-S
Added Pin To Net: NetName=GND Pin=M3-S
Added Pin To Net: NetName=GND Pin=M3-S
Added Pin To Net: NetName=GND Pin=M3-S
Added Pin To Net: NetName=GND Pin=M3-S
Added Pin To Net: NetName=GND Pin=M3-S
Added Pin To Net: NetName=GND Pin=M4-S
Added Pin To Net: NetName=GND Pin=M4-S
Added Pin To Net: NetName=GND Pin=M4-S
Added Pin To Net: NetName=GND Pin=M4-S
Added Pin To Net: NetName=GND Pin=M4-S
Added Pin To Net: NetName=GND Pin=M4-S
Added Pin To Net: NetName=GND Pin=M4-S
Added Pin To Net: NetName=GND Pin=M4-S
Added Pin To Net: NetName=GND Pin=M4-S
Added Pin To Net: NetName=Arduino_pin_1 Pin=R6-1
Added Pin To Net: NetName=NetD5_1 Pin=R6-2
Added Pin To Net: NetName=Arduino_pin_2 Pin=R7-1
Added Pin To Net: NetName=NetD6_1 Pin=R7-2
Added Pin To Net: NetName=Arduino_pin_3 Pin=R8-1
Added Pin To Net: NetName=NetD7_1 Pin=R8-2
Added Pin To Net: NetName=Arduino_pin_4 Pin=R9-1
Added Pin To Net: NetName=NetD9_1 Pin=R9-2
Added Pin To Net: NetName=Arduino_pin_5 Pin=S1-1
Added Pin To Net: NetName=GND Pin=S1-2
Added Pin To Net: NetName=Arduino_pin_5 Pin=U1-5
Added Member To Class: ClassName=Sheet1 Member=Component D5 LED 3mm Red
Added Member To Class: ClassName=Sheet1 Member=Component D6 LED 3mm Green
Added Member To Class: ClassName=Sheet1 Member=Component D7 LED 3mm Blue
Added Member To Class: ClassName=Sheet1 Member=Component D9 LED 3mm Yellow
Added Member To Class: ClassName=Sheet1 Member=Component M1 Screw
Added Member To Class: ClassName=Sheet1 Member=Component M2 Screw
Added Member To Class: ClassName=Sheet1 Member=Component M3 Screw
Added Member To Class: ClassName=Sheet1 Member=Component M4 Screw
Added Member To Class: ClassName=Sheet1 Member=Component R6 100
Added Member To Class: ClassName=Sheet1 Member=Component R7 100
Added Member To Class: ClassName=Sheet1 Member=Component R8 100
Added Member To Class: ClassName=Sheet1 Member=Component R9 100
Added Member To Class: ClassName=Sheet1 Member=Component S1 PB-2pin
