
C:\Users\Sir_Jick\AppData\Local\Temp\arduino_build_446259/attiny13.ino.elf:     file format elf32-avr


Disassembly of section .text:

00000000 <__vectors>:
__vectors():
C:\Users\Sir_Jick\AppData\Local\Arduino15\packages\MicroCore\hardware\avr\2.3.0\cores\microcore/pcrt.S:20
  .endm

  .section .vectors
  .global __vectors
__vectors:
  rjmp __init
   0:	0a c0       	rjmp	.+20     	; 0x16 <__ctors_end>
C:\Users\Sir_Jick\AppData\Local\Arduino15\packages\MicroCore\hardware\avr\2.3.0\cores\microcore/pcrt.S:21
  vector __vector_1
   2:	08 c0       	rjmp	.+16     	; 0x14 <__empty_interrupt>
C:\Users\Sir_Jick\AppData\Local\Arduino15\packages\MicroCore\hardware\avr\2.3.0\cores\microcore/pcrt.S:22
  vector __vector_2
   4:	07 c0       	rjmp	.+14     	; 0x14 <__empty_interrupt>
C:\Users\Sir_Jick\AppData\Local\Arduino15\packages\MicroCore\hardware\avr\2.3.0\cores\microcore/pcrt.S:23
  vector __vector_3
   6:	06 c0       	rjmp	.+12     	; 0x14 <__empty_interrupt>
C:\Users\Sir_Jick\AppData\Local\Arduino15\packages\MicroCore\hardware\avr\2.3.0\cores\microcore/pcrt.S:24
  vector __vector_4
   8:	05 c0       	rjmp	.+10     	; 0x14 <__empty_interrupt>
C:\Users\Sir_Jick\AppData\Local\Arduino15\packages\MicroCore\hardware\avr\2.3.0\cores\microcore/pcrt.S:25
  vector __vector_5
   a:	04 c0       	rjmp	.+8      	; 0x14 <__empty_interrupt>
C:\Users\Sir_Jick\AppData\Local\Arduino15\packages\MicroCore\hardware\avr\2.3.0\cores\microcore/pcrt.S:26
  vector __vector_6
   c:	03 c0       	rjmp	.+6      	; 0x14 <__empty_interrupt>
C:\Users\Sir_Jick\AppData\Local\Arduino15\packages\MicroCore\hardware\avr\2.3.0\cores\microcore/pcrt.S:27
  vector __vector_7
   e:	02 c0       	rjmp	.+4      	; 0x14 <__empty_interrupt>
C:\Users\Sir_Jick\AppData\Local\Arduino15\packages\MicroCore\hardware\avr\2.3.0\cores\microcore/pcrt.S:28
  vector __vector_8
  10:	01 c0       	rjmp	.+2      	; 0x14 <__empty_interrupt>
C:\Users\Sir_Jick\AppData\Local\Arduino15\packages\MicroCore\hardware\avr\2.3.0\cores\microcore/pcrt.S:29
  vector __vector_9
  12:	00 c0       	rjmp	.+0      	; 0x14 <__empty_interrupt>

00000014 <__empty_interrupt>:
__vector_1():
C:\Users\Sir_Jick\AppData\Local\Arduino15\packages\MicroCore\hardware\avr\2.3.0\cores\microcore/pcrt.S:44
  vector __vector_19

  ;.text
  .global __empty_interrupt
__empty_interrupt:
  reti
  14:	18 95       	reti

00000016 <__ctors_end>:
__init():
C:\Users\Sir_Jick\AppData\Local\Arduino15\packages\MicroCore\hardware\avr\2.3.0\cores\microcore/pcrt.S:50

    .section .init0
__init:

    .section .init2
    clr r1
  16:	11 24       	eor	r1, r1

00000018 <__do_copy_data>:
__do_copy_data():
/home/jenkins-mingw32/workspace/avr-gcc-staging/label/Ubuntu14.04x64-mingw32/gcc-build/avr/avr25/tiny-stack/libgcc/../../../../../gcc/libgcc/config/avr/lib1funcs.S:2409
  18:	10 e0       	ldi	r17, 0x00	; 0
/home/jenkins-mingw32/workspace/avr-gcc-staging/label/Ubuntu14.04x64-mingw32/gcc-build/avr/avr25/tiny-stack/libgcc/../../../../../gcc/libgcc/config/avr/lib1funcs.S:2410
  1a:	a0 e6       	ldi	r26, 0x60	; 96
/home/jenkins-mingw32/workspace/avr-gcc-staging/label/Ubuntu14.04x64-mingw32/gcc-build/avr/avr25/tiny-stack/libgcc/../../../../../gcc/libgcc/config/avr/lib1funcs.S:2411
  1c:	b0 e0       	ldi	r27, 0x00	; 0
/home/jenkins-mingw32/workspace/avr-gcc-staging/label/Ubuntu14.04x64-mingw32/gcc-build/avr/avr25/tiny-stack/libgcc/../../../../../gcc/libgcc/config/avr/lib1funcs.S:2412
  1e:	e4 e6       	ldi	r30, 0x64	; 100
/home/jenkins-mingw32/workspace/avr-gcc-staging/label/Ubuntu14.04x64-mingw32/gcc-build/avr/avr25/tiny-stack/libgcc/../../../../../gcc/libgcc/config/avr/lib1funcs.S:2413
  20:	f1 e0       	ldi	r31, 0x01	; 1
/home/jenkins-mingw32/workspace/avr-gcc-staging/label/Ubuntu14.04x64-mingw32/gcc-build/avr/avr25/tiny-stack/libgcc/../../../../../gcc/libgcc/config/avr/lib1funcs.S:2414
  22:	02 c0       	rjmp	.+4      	; 0x28 <__do_copy_data+0x10>
/home/jenkins-mingw32/workspace/avr-gcc-staging/label/Ubuntu14.04x64-mingw32/gcc-build/avr/avr25/tiny-stack/libgcc/../../../../../gcc/libgcc/config/avr/lib1funcs.S:2417
  24:	05 90       	lpm	r0, Z+
/home/jenkins-mingw32/workspace/avr-gcc-staging/label/Ubuntu14.04x64-mingw32/gcc-build/avr/avr25/tiny-stack/libgcc/../../../../../gcc/libgcc/config/avr/lib1funcs.S:2422
  26:	0d 92       	st	X+, r0
/home/jenkins-mingw32/workspace/avr-gcc-staging/label/Ubuntu14.04x64-mingw32/gcc-build/avr/avr25/tiny-stack/libgcc/../../../../../gcc/libgcc/config/avr/lib1funcs.S:2424
  28:	a8 36       	cpi	r26, 0x68	; 104
/home/jenkins-mingw32/workspace/avr-gcc-staging/label/Ubuntu14.04x64-mingw32/gcc-build/avr/avr25/tiny-stack/libgcc/../../../../../gcc/libgcc/config/avr/lib1funcs.S:2425
  2a:	b1 07       	cpc	r27, r17
/home/jenkins-mingw32/workspace/avr-gcc-staging/label/Ubuntu14.04x64-mingw32/gcc-build/avr/avr25/tiny-stack/libgcc/../../../../../gcc/libgcc/config/avr/lib1funcs.S:2426
  2c:	d9 f7       	brne	.-10     	; 0x24 <__do_copy_data+0xc>

0000002e <__do_clear_bss>:
__do_clear_bss():
/home/jenkins-mingw32/workspace/avr-gcc-staging/label/Ubuntu14.04x64-mingw32/gcc-build/avr/avr25/tiny-stack/libgcc/../../../../../gcc/libgcc/config/avr/lib1funcs.S:2441
  2e:	20 e0       	ldi	r18, 0x00	; 0
/home/jenkins-mingw32/workspace/avr-gcc-staging/label/Ubuntu14.04x64-mingw32/gcc-build/avr/avr25/tiny-stack/libgcc/../../../../../gcc/libgcc/config/avr/lib1funcs.S:2442
  30:	a8 e6       	ldi	r26, 0x68	; 104
/home/jenkins-mingw32/workspace/avr-gcc-staging/label/Ubuntu14.04x64-mingw32/gcc-build/avr/avr25/tiny-stack/libgcc/../../../../../gcc/libgcc/config/avr/lib1funcs.S:2443
  32:	b0 e0       	ldi	r27, 0x00	; 0
/home/jenkins-mingw32/workspace/avr-gcc-staging/label/Ubuntu14.04x64-mingw32/gcc-build/avr/avr25/tiny-stack/libgcc/../../../../../gcc/libgcc/config/avr/lib1funcs.S:2444
  34:	01 c0       	rjmp	.+2      	; 0x38 <.do_clear_bss_start>

00000036 <.do_clear_bss_loop>:
/home/jenkins-mingw32/workspace/avr-gcc-staging/label/Ubuntu14.04x64-mingw32/gcc-build/avr/avr25/tiny-stack/libgcc/../../../../../gcc/libgcc/config/avr/lib1funcs.S:2446
  36:	1d 92       	st	X+, r1

00000038 <.do_clear_bss_start>:
/home/jenkins-mingw32/workspace/avr-gcc-staging/label/Ubuntu14.04x64-mingw32/gcc-build/avr/avr25/tiny-stack/libgcc/../../../../../gcc/libgcc/config/avr/lib1funcs.S:2448
  38:	aa 36       	cpi	r26, 0x6A	; 106
/home/jenkins-mingw32/workspace/avr-gcc-staging/label/Ubuntu14.04x64-mingw32/gcc-build/avr/avr25/tiny-stack/libgcc/../../../../../gcc/libgcc/config/avr/lib1funcs.S:2449
  3a:	b2 07       	cpc	r27, r18
/home/jenkins-mingw32/workspace/avr-gcc-staging/label/Ubuntu14.04x64-mingw32/gcc-build/avr/avr25/tiny-stack/libgcc/../../../../../gcc/libgcc/config/avr/lib1funcs.S:2450
  3c:	e1 f7       	brne	.-8      	; 0x36 <.do_clear_bss_loop>

0000003e <main>:
main():
C:\Users\Sir_Jick\AppData\Local\Arduino15\packages\MicroCore\hardware\avr\2.3.0\cores\microcore/wiring.c:63
 * @brief Initializing function that runs before setup().
 */
void init()
{
  // Turn on global interrupts
  sei();
  3e:	78 94       	sei
pinMode():
C:\Users\Sir_Jick\AppData\Local\Arduino15\packages\MicroCore\hardware\avr\2.3.0\cores\microcore/wiring_digital.c:31
  if(mode == OUTPUT) // Pin as output
    DDRB |= _BV(pin);

  else // Pin as input or input pullup
  {
    DDRB &= ~_BV(pin); // Set pin as input
  40:	b8 98       	cbi	0x17, 0	; 23
C:\Users\Sir_Jick\AppData\Local\Arduino15\packages\MicroCore\hardware\avr\2.3.0\cores\microcore/wiring_digital.c:33
    if(mode == INPUT_PULLUP)
      PORTB |= _BV(pin); // Enable pullup resistors
  42:	c0 9a       	sbi	0x18, 0	; 24
  44:	e0 e6       	ldi	r30, 0x60	; 96
  46:	f0 e0       	ldi	r31, 0x00	; 0
  48:	28 e6       	ldi	r18, 0x68	; 104
  4a:	30 e0       	ldi	r19, 0x00	; 0
C:\Users\Sir_Jick\AppData\Local\Arduino15\packages\MicroCore\hardware\avr\2.3.0\cores\microcore/wiring_digital.c:27
 *        INPUT_PULLUP - set pin as input and enable internal pullup resistor
 */
void pinMode(uint8_t pin, uint8_t mode)
{
  if(mode == OUTPUT) // Pin as output
    DDRB |= _BV(pin);
  4c:	61 e0       	ldi	r22, 0x01	; 1
  4e:	70 e0       	ldi	r23, 0x00	; 0
setup():
D:\PROJECTS\ARDUINO\Arduino-switcher-4channel\code\attiny13\attiny13/attiny13.ino:9

void setup() {
  // پین سوئیچ را به عنوان ورودی و پین های رله را به عنوان خروجی تنظیم کنید
  pinMode(switchPin, INPUT_PULLUP);
  for (int i = 0; i < 4; ++i) {
    pinMode(relayPins[i], OUTPUT);
  50:	41 91       	ld	r20, Z+
  52:	51 91       	ld	r21, Z+
pinMode():
C:\Users\Sir_Jick\AppData\Local\Arduino15\packages\MicroCore\hardware\avr\2.3.0\cores\microcore/wiring_digital.c:27
  54:	87 b3       	in	r24, 0x17	; 23
  56:	db 01       	movw	r26, r22
  58:	02 c0       	rjmp	.+4      	; 0x5e <__SREG__+0x1f>
  5a:	aa 0f       	add	r26, r26
  5c:	bb 1f       	adc	r27, r27
  5e:	4a 95       	dec	r20
  60:	e2 f7       	brpl	.-8      	; 0x5a <__SREG__+0x1b>
  62:	8a 2b       	or	r24, r26
  64:	87 bb       	out	0x17, r24	; 23
setup():
D:\PROJECTS\ARDUINO\Arduino-switcher-4channel\code\attiny13\attiny13/attiny13.ino:8
int relayState = 0; // متغیر وضعیت رله

void setup() {
  // پین سوئیچ را به عنوان ورودی و پین های رله را به عنوان خروجی تنظیم کنید
  pinMode(switchPin, INPUT_PULLUP);
  for (int i = 0; i < 4; ++i) {
  66:	2e 17       	cp	r18, r30
  68:	3f 07       	cpc	r19, r31
  6a:	91 f7       	brne	.-28     	; 0x50 <__SREG__+0x11>
loop():
D:\PROJECTS\ARDUINO\Arduino-switcher-4channel\code\attiny13\attiny13/attiny13.ino:17

void loop() {
  // اگر سوئیچ فشار داده شد
  if (digitalRead(switchPin) == 0) {
    // وضعیت رله را به روز کنید
    relayState = (relayState + 1) % 4;
  6c:	c4 e0       	ldi	r28, 0x04	; 4
  6e:	d0 e0       	ldi	r29, 0x00	; 0
digitalWrite():
C:\Users\Sir_Jick\AppData\Local\Arduino15\packages\MicroCore\hardware\avr\2.3.0\cores\microcore/wiring_digital.c:49
void digitalWrite(uint8_t pin, uint8_t val)
{
  if(val)
    PORTB |= _BV(pin);  // Set pin high
  else
    PORTB &= ~_BV(pin); // Set pin low
  70:	21 e0       	ldi	r18, 0x01	; 1
  72:	30 e0       	ldi	r19, 0x00	; 0
loop():
D:\PROJECTS\ARDUINO\Arduino-switcher-4channel\code\attiny13\attiny13/attiny13.ino:15
  }
}

void loop() {
  // اگر سوئیچ فشار داده شد
  if (digitalRead(switchPin) == 0) {
  74:	b0 99       	sbic	0x16, 0	; 22
  76:	fe cf       	rjmp	.-4      	; 0x74 <__SREG__+0x35>
D:\PROJECTS\ARDUINO\Arduino-switcher-4channel\code\attiny13\attiny13/attiny13.ino:17
    // وضعیت رله را به روز کنید
    relayState = (relayState + 1) % 4;
  78:	80 91 68 00 	lds	r24, 0x0068	; 0x800068 <__data_end>
  7c:	90 91 69 00 	lds	r25, 0x0069	; 0x800069 <__data_end+0x1>
  80:	01 96       	adiw	r24, 0x01	; 1
  82:	be 01       	movw	r22, r28
  84:	48 d0       	rcall	.+144    	; 0x116 <__divmodhi4>
  86:	90 93 69 00 	sts	0x0069, r25	; 0x800069 <__data_end+0x1>
  8a:	80 93 68 00 	sts	0x0068, r24	; 0x800068 <__data_end>
D:\PROJECTS\ARDUINO\Arduino-switcher-4channel\code\attiny13\attiny13/attiny13.ino:20

    // رله قبلی را خاموش کنید
    if (relayState > 0) {
  8e:	18 16       	cp	r1, r24
  90:	19 06       	cpc	r1, r25
  92:	84 f4       	brge	.+32     	; 0xb4 <__SREG__+0x75>
digitalWrite():
C:\Users\Sir_Jick\AppData\Local\Arduino15\packages\MicroCore\hardware\avr\2.3.0\cores\microcore/wiring_digital.c:49
  94:	48 b3       	in	r20, 0x18	; 24
loop():
D:\PROJECTS\ARDUINO\Arduino-switcher-4channel\code\attiny13\attiny13/attiny13.ino:21
      digitalWrite(relayPins[relayState - 1], LOW);
  96:	88 0f       	add	r24, r24
  98:	99 1f       	adc	r25, r25
  9a:	fc 01       	movw	r30, r24
  9c:	e2 5a       	subi	r30, 0xA2	; 162
  9e:	ff 4f       	sbci	r31, 0xFF	; 255
digitalWrite():
C:\Users\Sir_Jick\AppData\Local\Arduino15\packages\MicroCore\hardware\avr\2.3.0\cores\microcore/wiring_digital.c:49
  a0:	c9 01       	movw	r24, r18
  a2:	00 80       	ld	r0, Z
  a4:	02 c0       	rjmp	.+4      	; 0xaa <__SREG__+0x6b>
  a6:	88 0f       	add	r24, r24
  a8:	99 1f       	adc	r25, r25
  aa:	0a 94       	dec	r0
  ac:	e2 f7       	brpl	.-8      	; 0xa6 <__SREG__+0x67>
  ae:	80 95       	com	r24
  b0:	84 23       	and	r24, r20
  b2:	88 bb       	out	0x18, r24	; 24
C:\Users\Sir_Jick\AppData\Local\Arduino15\packages\MicroCore\hardware\avr\2.3.0\cores\microcore/wiring_digital.c:47
 * @param val The state to set. Valid options are HIGH or LOW
 */
void digitalWrite(uint8_t pin, uint8_t val)
{
  if(val)
    PORTB |= _BV(pin);  // Set pin high
  b4:	88 b3       	in	r24, 0x18	; 24
loop():
D:\PROJECTS\ARDUINO\Arduino-switcher-4channel\code\attiny13\attiny13/attiny13.ino:25
    }

    // رله فعلی را روشن کنید
    digitalWrite(relayPins[relayState], HIGH);
  b6:	e0 91 68 00 	lds	r30, 0x0068	; 0x800068 <__data_end>
  ba:	f0 91 69 00 	lds	r31, 0x0069	; 0x800069 <__data_end+0x1>
  be:	ee 0f       	add	r30, r30
  c0:	ff 1f       	adc	r31, r31
  c2:	e0 5a       	subi	r30, 0xA0	; 160
  c4:	ff 4f       	sbci	r31, 0xFF	; 255
digitalWrite():
C:\Users\Sir_Jick\AppData\Local\Arduino15\packages\MicroCore\hardware\avr\2.3.0\cores\microcore/wiring_digital.c:47
  c6:	a9 01       	movw	r20, r18
  c8:	00 80       	ld	r0, Z
  ca:	02 c0       	rjmp	.+4      	; 0xd0 <__SREG__+0x91>
  cc:	44 0f       	add	r20, r20
  ce:	55 1f       	adc	r21, r21
  d0:	0a 94       	dec	r0
  d2:	e2 f7       	brpl	.-8      	; 0xcc <__SREG__+0x8d>
  d4:	84 2b       	or	r24, r20
  d6:	88 bb       	out	0x18, r24	; 24
  d8:	89 e8       	ldi	r24, 0x89	; 137
  da:	93 e1       	ldi	r25, 0x13	; 19
  dc:	06 c0       	rjmp	.+12     	; 0xea <__SREG__+0xab>
_delay_ms():
c:\users\sir_jick\appdata\local\arduino15\packages\arduino\tools\avr-gcc\7.3.0-atmel3.6.1-arduino7\avr\include\util/delay.h:187
	#else
		//round up by default
		__ticks_dc = (uint32_t)(ceil(fabs(__tmp)));
	#endif

	__builtin_avr_delay_cycles(__ticks_dc);
  de:	ef ea       	ldi	r30, 0xAF	; 175
  e0:	f4 e0       	ldi	r31, 0x04	; 4
  e2:	31 97       	sbiw	r30, 0x01	; 1
  e4:	f1 f7       	brne	.-4      	; 0xe2 <__SREG__+0xa3>
  e6:	00 c0       	rjmp	.+0      	; 0xe8 <__SREG__+0xa9>
  e8:	00 00       	nop
  ea:	01 97       	sbiw	r24, 0x01	; 1
delay():
C:\Users\Sir_Jick\AppData\Local\Arduino15\packages\MicroCore\hardware\avr\2.3.0\cores\microcore/wiring.c:52
 *
 * @param ms The number of milliseconds to pause
 */
void delay(uint16_t ms)
{
  while(ms--)
  ec:	c1 f7       	brne	.-16     	; 0xde <__SREG__+0x9f>
digitalWrite():
C:\Users\Sir_Jick\AppData\Local\Arduino15\packages\MicroCore\hardware\avr\2.3.0\cores\microcore/wiring_digital.c:49
  else
    PORTB &= ~_BV(pin); // Set pin low
  ee:	48 b3       	in	r20, 0x18	; 24
loop():
D:\PROJECTS\ARDUINO\Arduino-switcher-4channel\code\attiny13\attiny13/attiny13.ino:30

    // منتظر 500 میلی ثانیه بمانید
    delay(5000);
    // رله فعلی را خاموش کن
    digitalWrite(relayPins[relayState], LOW);
  f0:	e0 91 68 00 	lds	r30, 0x0068	; 0x800068 <__data_end>
  f4:	f0 91 69 00 	lds	r31, 0x0069	; 0x800069 <__data_end+0x1>
  f8:	ee 0f       	add	r30, r30
  fa:	ff 1f       	adc	r31, r31
  fc:	e0 5a       	subi	r30, 0xA0	; 160
  fe:	ff 4f       	sbci	r31, 0xFF	; 255
digitalWrite():
C:\Users\Sir_Jick\AppData\Local\Arduino15\packages\MicroCore\hardware\avr\2.3.0\cores\microcore/wiring_digital.c:49
 100:	c9 01       	movw	r24, r18
 102:	00 80       	ld	r0, Z
 104:	02 c0       	rjmp	.+4      	; 0x10a <__SREG__+0xcb>
 106:	88 0f       	add	r24, r24
 108:	99 1f       	adc	r25, r25
 10a:	0a 94       	dec	r0
 10c:	e2 f7       	brpl	.-8      	; 0x106 <__SREG__+0xc7>
 10e:	80 95       	com	r24
 110:	84 23       	and	r24, r20
 112:	88 bb       	out	0x18, r24	; 24
 114:	af cf       	rjmp	.-162    	; 0x74 <__SREG__+0x35>

00000116 <__divmodhi4>:
__divmodhi4():
/home/jenkins-mingw32/workspace/avr-gcc-staging/label/Ubuntu14.04x64-mingw32/gcc-build/avr/avr25/tiny-stack/libgcc/../../../../../gcc/libgcc/config/avr/lib1funcs.S:1440
 116:	97 fb       	bst	r25, 7
/home/jenkins-mingw32/workspace/avr-gcc-staging/label/Ubuntu14.04x64-mingw32/gcc-build/avr/avr25/tiny-stack/libgcc/../../../../../gcc/libgcc/config/avr/lib1funcs.S:1441
 118:	07 2e       	mov	r0, r23
/home/jenkins-mingw32/workspace/avr-gcc-staging/label/Ubuntu14.04x64-mingw32/gcc-build/avr/avr25/tiny-stack/libgcc/../../../../../gcc/libgcc/config/avr/lib1funcs.S:1442
 11a:	16 f4       	brtc	.+4      	; 0x120 <__divmodhi4+0xa>
/home/jenkins-mingw32/workspace/avr-gcc-staging/label/Ubuntu14.04x64-mingw32/gcc-build/avr/avr25/tiny-stack/libgcc/../../../../../gcc/libgcc/config/avr/lib1funcs.S:1443
 11c:	00 94       	com	r0
/home/jenkins-mingw32/workspace/avr-gcc-staging/label/Ubuntu14.04x64-mingw32/gcc-build/avr/avr25/tiny-stack/libgcc/../../../../../gcc/libgcc/config/avr/lib1funcs.S:1444
 11e:	06 d0       	rcall	.+12     	; 0x12c <__divmodhi4_neg1>
/home/jenkins-mingw32/workspace/avr-gcc-staging/label/Ubuntu14.04x64-mingw32/gcc-build/avr/avr25/tiny-stack/libgcc/../../../../../gcc/libgcc/config/avr/lib1funcs.S:1446
 120:	77 fd       	sbrc	r23, 7
/home/jenkins-mingw32/workspace/avr-gcc-staging/label/Ubuntu14.04x64-mingw32/gcc-build/avr/avr25/tiny-stack/libgcc/../../../../../gcc/libgcc/config/avr/lib1funcs.S:1447
 122:	08 d0       	rcall	.+16     	; 0x134 <__divmodhi4_neg2>
/home/jenkins-mingw32/workspace/avr-gcc-staging/label/Ubuntu14.04x64-mingw32/gcc-build/avr/avr25/tiny-stack/libgcc/../../../../../gcc/libgcc/config/avr/lib1funcs.S:1448
 124:	0b d0       	rcall	.+22     	; 0x13c <__udivmodhi4>
/home/jenkins-mingw32/workspace/avr-gcc-staging/label/Ubuntu14.04x64-mingw32/gcc-build/avr/avr25/tiny-stack/libgcc/../../../../../gcc/libgcc/config/avr/lib1funcs.S:1449
 126:	07 fc       	sbrc	r0, 7
/home/jenkins-mingw32/workspace/avr-gcc-staging/label/Ubuntu14.04x64-mingw32/gcc-build/avr/avr25/tiny-stack/libgcc/../../../../../gcc/libgcc/config/avr/lib1funcs.S:1450
 128:	05 d0       	rcall	.+10     	; 0x134 <__divmodhi4_neg2>
/home/jenkins-mingw32/workspace/avr-gcc-staging/label/Ubuntu14.04x64-mingw32/gcc-build/avr/avr25/tiny-stack/libgcc/../../../../../gcc/libgcc/config/avr/lib1funcs.S:1451
 12a:	3e f4       	brtc	.+14     	; 0x13a <__divmodhi4_exit>

0000012c <__divmodhi4_neg1>:
/home/jenkins-mingw32/workspace/avr-gcc-staging/label/Ubuntu14.04x64-mingw32/gcc-build/avr/avr25/tiny-stack/libgcc/../../../../../gcc/libgcc/config/avr/lib1funcs.S:1454
 12c:	90 95       	com	r25
/home/jenkins-mingw32/workspace/avr-gcc-staging/label/Ubuntu14.04x64-mingw32/gcc-build/avr/avr25/tiny-stack/libgcc/../../../../../gcc/libgcc/config/avr/lib1funcs.S:1455
 12e:	81 95       	neg	r24
/home/jenkins-mingw32/workspace/avr-gcc-staging/label/Ubuntu14.04x64-mingw32/gcc-build/avr/avr25/tiny-stack/libgcc/../../../../../gcc/libgcc/config/avr/lib1funcs.S:1456
 130:	9f 4f       	sbci	r25, 0xFF	; 255
/home/jenkins-mingw32/workspace/avr-gcc-staging/label/Ubuntu14.04x64-mingw32/gcc-build/avr/avr25/tiny-stack/libgcc/../../../../../gcc/libgcc/config/avr/lib1funcs.S:1457
 132:	08 95       	ret

00000134 <__divmodhi4_neg2>:
/home/jenkins-mingw32/workspace/avr-gcc-staging/label/Ubuntu14.04x64-mingw32/gcc-build/avr/avr25/tiny-stack/libgcc/../../../../../gcc/libgcc/config/avr/lib1funcs.S:1460
 134:	70 95       	com	r23
/home/jenkins-mingw32/workspace/avr-gcc-staging/label/Ubuntu14.04x64-mingw32/gcc-build/avr/avr25/tiny-stack/libgcc/../../../../../gcc/libgcc/config/avr/lib1funcs.S:1461
 136:	61 95       	neg	r22
/home/jenkins-mingw32/workspace/avr-gcc-staging/label/Ubuntu14.04x64-mingw32/gcc-build/avr/avr25/tiny-stack/libgcc/../../../../../gcc/libgcc/config/avr/lib1funcs.S:1462
 138:	7f 4f       	sbci	r23, 0xFF	; 255

0000013a <__divmodhi4_exit>:
/home/jenkins-mingw32/workspace/avr-gcc-staging/label/Ubuntu14.04x64-mingw32/gcc-build/avr/avr25/tiny-stack/libgcc/../../../../../gcc/libgcc/config/avr/lib1funcs.S:1464
 13a:	08 95       	ret

0000013c <__udivmodhi4>:
__udivmodhi4():
/home/jenkins-mingw32/workspace/avr-gcc-staging/label/Ubuntu14.04x64-mingw32/gcc-build/avr/avr25/tiny-stack/libgcc/../../../../../gcc/libgcc/config/avr/lib1funcs.S:1408
 13c:	aa 1b       	sub	r26, r26
/home/jenkins-mingw32/workspace/avr-gcc-staging/label/Ubuntu14.04x64-mingw32/gcc-build/avr/avr25/tiny-stack/libgcc/../../../../../gcc/libgcc/config/avr/lib1funcs.S:1409
 13e:	bb 1b       	sub	r27, r27
/home/jenkins-mingw32/workspace/avr-gcc-staging/label/Ubuntu14.04x64-mingw32/gcc-build/avr/avr25/tiny-stack/libgcc/../../../../../gcc/libgcc/config/avr/lib1funcs.S:1410
 140:	51 e1       	ldi	r21, 0x11	; 17
/home/jenkins-mingw32/workspace/avr-gcc-staging/label/Ubuntu14.04x64-mingw32/gcc-build/avr/avr25/tiny-stack/libgcc/../../../../../gcc/libgcc/config/avr/lib1funcs.S:1411
 142:	07 c0       	rjmp	.+14     	; 0x152 <__udivmodhi4_ep>

00000144 <__udivmodhi4_loop>:
/home/jenkins-mingw32/workspace/avr-gcc-staging/label/Ubuntu14.04x64-mingw32/gcc-build/avr/avr25/tiny-stack/libgcc/../../../../../gcc/libgcc/config/avr/lib1funcs.S:1413
 144:	aa 1f       	adc	r26, r26
/home/jenkins-mingw32/workspace/avr-gcc-staging/label/Ubuntu14.04x64-mingw32/gcc-build/avr/avr25/tiny-stack/libgcc/../../../../../gcc/libgcc/config/avr/lib1funcs.S:1414
 146:	bb 1f       	adc	r27, r27
/home/jenkins-mingw32/workspace/avr-gcc-staging/label/Ubuntu14.04x64-mingw32/gcc-build/avr/avr25/tiny-stack/libgcc/../../../../../gcc/libgcc/config/avr/lib1funcs.S:1415
 148:	a6 17       	cp	r26, r22
/home/jenkins-mingw32/workspace/avr-gcc-staging/label/Ubuntu14.04x64-mingw32/gcc-build/avr/avr25/tiny-stack/libgcc/../../../../../gcc/libgcc/config/avr/lib1funcs.S:1416
 14a:	b7 07       	cpc	r27, r23
/home/jenkins-mingw32/workspace/avr-gcc-staging/label/Ubuntu14.04x64-mingw32/gcc-build/avr/avr25/tiny-stack/libgcc/../../../../../gcc/libgcc/config/avr/lib1funcs.S:1417
 14c:	10 f0       	brcs	.+4      	; 0x152 <__udivmodhi4_ep>
/home/jenkins-mingw32/workspace/avr-gcc-staging/label/Ubuntu14.04x64-mingw32/gcc-build/avr/avr25/tiny-stack/libgcc/../../../../../gcc/libgcc/config/avr/lib1funcs.S:1418
 14e:	a6 1b       	sub	r26, r22
/home/jenkins-mingw32/workspace/avr-gcc-staging/label/Ubuntu14.04x64-mingw32/gcc-build/avr/avr25/tiny-stack/libgcc/../../../../../gcc/libgcc/config/avr/lib1funcs.S:1419
 150:	b7 0b       	sbc	r27, r23

00000152 <__udivmodhi4_ep>:
/home/jenkins-mingw32/workspace/avr-gcc-staging/label/Ubuntu14.04x64-mingw32/gcc-build/avr/avr25/tiny-stack/libgcc/../../../../../gcc/libgcc/config/avr/lib1funcs.S:1421
 152:	88 1f       	adc	r24, r24
/home/jenkins-mingw32/workspace/avr-gcc-staging/label/Ubuntu14.04x64-mingw32/gcc-build/avr/avr25/tiny-stack/libgcc/../../../../../gcc/libgcc/config/avr/lib1funcs.S:1422
 154:	99 1f       	adc	r25, r25
/home/jenkins-mingw32/workspace/avr-gcc-staging/label/Ubuntu14.04x64-mingw32/gcc-build/avr/avr25/tiny-stack/libgcc/../../../../../gcc/libgcc/config/avr/lib1funcs.S:1423
 156:	5a 95       	dec	r21
/home/jenkins-mingw32/workspace/avr-gcc-staging/label/Ubuntu14.04x64-mingw32/gcc-build/avr/avr25/tiny-stack/libgcc/../../../../../gcc/libgcc/config/avr/lib1funcs.S:1424
 158:	a9 f7       	brne	.-22     	; 0x144 <__udivmodhi4_loop>
/home/jenkins-mingw32/workspace/avr-gcc-staging/label/Ubuntu14.04x64-mingw32/gcc-build/avr/avr25/tiny-stack/libgcc/../../../../../gcc/libgcc/config/avr/lib1funcs.S:1425
 15a:	80 95       	com	r24
/home/jenkins-mingw32/workspace/avr-gcc-staging/label/Ubuntu14.04x64-mingw32/gcc-build/avr/avr25/tiny-stack/libgcc/../../../../../gcc/libgcc/config/avr/lib1funcs.S:1426
 15c:	90 95       	com	r25
/home/jenkins-mingw32/workspace/avr-gcc-staging/label/Ubuntu14.04x64-mingw32/gcc-build/avr/avr25/tiny-stack/libgcc/../../../../../gcc/libgcc/config/avr/lib1funcs.S:1428
 15e:	bc 01       	movw	r22, r24
/home/jenkins-mingw32/workspace/avr-gcc-staging/label/Ubuntu14.04x64-mingw32/gcc-build/avr/avr25/tiny-stack/libgcc/../../../../../gcc/libgcc/config/avr/lib1funcs.S:1430
 160:	cd 01       	movw	r24, r26
/home/jenkins-mingw32/workspace/avr-gcc-staging/label/Ubuntu14.04x64-mingw32/gcc-build/avr/avr25/tiny-stack/libgcc/../../../../../gcc/libgcc/config/avr/lib1funcs.S:1432
 162:	08 95       	ret
